<?xml version="1.0" encoding="UTF-8"?>
<!-- Generated by org.testng.reporters.JUnitReportReporter -->
<testsuite hostname="SourabhMishra" failures="0" tests="1" name="RunnerPractice.RunnerClassPractice" time="14.438" errors="0" timestamp="2024-04-05T12:44:08 IST" skipped="0">
  <testcase classname="RunnerPractice.RunnerClassPractice" name="runScenario" time="14.438"/>
  <system-out/>
</testsuite> <!-- RunnerPractice.RunnerClassPractice -->
